<?xml version="1.0" encoding="utf-8"?><testsuites name="pytest tests"><testsuite name="pytest" errors="0" failures="0" skipped="0" tests="7" time="2.210" timestamp="2026-07-30T10:15:13.321431+00:00" hostname="agent-env-d603000c-6acc-4f05-97b9-e5c648a7e62e"><testcase classname="tests.test_iter7_regression" name="test_login_and_me[xpertcctv.delhi@gmail.com-love@2001-platform_owner]" time="0.602" /><testcase classname="tests.test_iter7_regression" name="test_login_and_me[bob.ops@example.com-Bob@12345-room_admin]" time="0.321" /><testcase classname="tests.test_iter7_regression" name="test_login_and_me[alice.ops-Alice@12345-user]" time="0.322" /><testcase classname="tests.test_iter7_regression" name="test_login_bad_password" time="0.276" /><testcase classname="tests.test_iter7_regression" name="test_forgot_password_endpoint" time="0.052" /><testcase classname="tests.test_iter7_regression" name="test_reset_password_invalid_token" time="0.048" /><testcase classname="tests.test_iter7_regression" name="test_room_info_requires_auth" time="0.126" /></testsuite></testsuites>