<?xml version="1.0" encoding="utf-8"?><testsuites name="pytest tests"><testsuite name="pytest" errors="0" failures="0" skipped="0" tests="13" time="4.735" timestamp="2026-07-25T04:38:41.596285+00:00" hostname="agent-env-d603000c-6acc-4f05-97b9-e5c648a7e62e"><testcase classname="tests.test_username_auth" name="test_owner_login_via_email_identifier" time="0.521" /><testcase classname="tests.test_username_auth" name="test_admin_login_via_email_identifier" time="0.328" /><testcase classname="tests.test_username_auth" name="test_user_login_via_username_identifier" time="0.325" /><testcase classname="tests.test_username_auth" name="test_old_email_field_rejected" time="0.111" /><testcase classname="tests.test_username_auth" name="test_wrong_email_password_says_email" time="0.342" /><testcase classname="tests.test_username_auth" name="test_wrong_username_password_says_username" time="0.331" /><testcase classname="tests.test_username_auth" name="test_admin_create_member_username_only" time="0.665" /><testcase classname="tests.test_username_auth" name="test_new_user_can_login_via_username" time="0.321" /><testcase classname="tests.test_username_auth" name="test_duplicate_username_409" time="0.092" /><testcase classname="tests.test_username_auth" name="test_invalid_username_chars_rejected" time="0.388" /><testcase classname="tests.test_username_auth" name="test_admin_members_list_has_username_no_email_required" time="0.099" /><testcase classname="tests.test_username_auth" name="test_plans_shape" time="0.450" /><testcase classname="tests.test_username_auth" name="test_zz_cleanup" time="0.210" /></testsuite></testsuites>