<?xml version="1.0" encoding="utf-8"?><testsuites name="pytest tests"><testsuite name="pytest" errors="0" failures="0" skipped="0" tests="4" time="1.904" timestamp="2026-07-30T10:47:48.850752+00:00" hostname="agent-env-d603000c-6acc-4f05-97b9-e5c648a7e62e"><testcase classname="tests.test_member_create_regression.TestCleanupUiCreatedUsers" name="test_delete_ui_test_users_and_verify" time="1.336" /><testcase classname="tests.test_member_create_regression.TestMemberCreateValidation" name="test_duplicate_username_409" time="0.907" /><testcase classname="tests.test_member_create_regression.TestMemberCreateValidation" name="test_invalid_username_422" time="0.143" /><testcase classname="tests.test_member_create_regression.TestMemberCreateValidation" name="test_non_admin_403" time="0.412" /></testsuite></testsuites>