<?xml version="1.0" encoding="utf-8"?><testsuites name="pytest tests"><testsuite name="pytest" errors="0" failures="0" skipped="0" tests="12" time="9.587" timestamp="2026-07-26T05:21:16.581499+00:00" hostname="agent-env-d603000c-6acc-4f05-97b9-e5c648a7e62e"><testcase classname="tests.test_password_reset.TestOwnerResetAdminPassword" name="test_reset_and_login_with_new_password" time="2.280" /><testcase classname="tests.test_password_reset.TestOwnerResetAdminPassword" name="test_short_password_422" time="0.157" /><testcase classname="tests.test_password_reset.TestOwnerResetAdminPassword" name="test_unknown_room_404" time="0.109" /><testcase classname="tests.test_password_reset.TestOwnerResetAdminPassword" name="test_no_auth_401" time="0.104" /><testcase classname="tests.test_password_reset.TestAdminResetMemberPassword" name="test_reset_and_login" time="2.384" /><testcase classname="tests.test_password_reset.TestAdminResetMemberPassword" name="test_short_password_422" time="0.450" /><testcase classname="tests.test_password_reset.TestAdminResetMemberPassword" name="test_unknown_member_404" time="0.420" /><testcase classname="tests.test_password_reset.TestAuthorization" name="test_user_cannot_reset_member" time="0.422" /><testcase classname="tests.test_password_reset.TestAuthorization" name="test_user_cannot_reset_room_admin" time="0.443" /><testcase classname="tests.test_password_reset.TestAuthorization" name="test_admin_cannot_reset_platform_admin_password" time="0.427" /><testcase classname="tests.test_password_reset.TestAuthorization" name="test_admin_cannot_reset_member_of_other_room" time="1.207" /><testcase classname="tests.test_password_reset" name="test_original_credentials_intact" time="0.977" /></testsuite></testsuites>