<?xml version="1.0" encoding="utf-8"?><testsuites name="pytest tests"><testsuite name="pytest" errors="0" failures="1" skipped="0" tests="18" time="12.117" timestamp="2026-07-09T14:45:44.010170+00:00" hostname="agent-env-d603000c-6acc-4f05-97b9-e5c648a7e62e"><testcase classname="tests.test_talknet_v2" name="test_owner_login_still_works" time="0.379" /><testcase classname="tests.test_talknet_v2" name="test_brute_force_lockout_on_6th_attempt" time="0.669"><failure message="AssertionError: expected 429, got 401 {&quot;detail&quot;:&quot;Invalid email or password&quot;}&#10;assert 401 == 429&#10; +  where 401 = &lt;Response [401]&gt;.status_code">E   AssertionError: expected 429, got 401 {"detail":"Invalid email or password"}
    assert 401 == 429
     +  where 401 = &lt;Response [401]&gt;.status_code</failure></testcase><testcase classname="tests.test_talknet_v2" name="test_brute_force_counter_clears_on_success" time="2.302" /><testcase classname="tests.test_talknet_v2" name="test_suspended_user_runtime_enforcement" time="1.192" /><testcase classname="tests.test_talknet_v2" name="test_password_reset_flow" time="1.826" /><testcase classname="tests.test_talknet_v2" name="test_forgot_password_unknown_email_still_200" time="0.124" /><testcase classname="tests.test_talknet_v2" name="test_admin_sees_one_room_initially" time="0.444" /><testcase classname="tests.test_talknet_v2" name="test_admin_create_additional_room" time="0.200" /><testcase classname="tests.test_talknet_v2" name="test_cannot_delete_last_room" time="1.211" /><testcase classname="tests.test_talknet_v2" name="test_room_cap_code_check" time="0.000" /><testcase classname="tests.test_talknet_v2" name="test_room_available_admin" time="0.099" /><testcase classname="tests.test_talknet_v2" name="test_room_available_owner_forbidden" time="0.108" /><testcase classname="tests.test_talknet_v2" name="test_room_available_user" time="0.749" /><testcase classname="tests.test_talknet_v2" name="test_room_token_requires_body" time="0.103" /><testcase classname="tests.test_talknet_v2" name="test_room_token_with_valid_room" time="0.203" /><testcase classname="tests.test_talknet_v2" name="test_room_token_cross_tenant_404" time="0.619" /><testcase classname="tests.test_talknet_v2" name="test_session_start_end_and_analytics" time="1.625" /><testcase classname="tests.test_talknet_v2" name="test_platform_stats_has_total_rooms" time="0.213" /></testsuite></testsuites>