<?xml version="1.0" encoding="utf-8"?><testsuites name="pytest tests"><testsuite name="pytest" errors="0" failures="0" skipped="0" tests="22" time="10.528" timestamp="2026-07-09T14:24:08.583370+00:00" hostname="agent-env-d603000c-6acc-4f05-97b9-e5c648a7e62e"><testcase classname="tests.test_talknet_api" name="test_health" time="0.255" /><testcase classname="tests.test_talknet_api" name="test_login_owner_success" time="0.326" /><testcase classname="tests.test_talknet_api" name="test_login_invalid_password" time="0.338" /><testcase classname="tests.test_talknet_api" name="test_auth_me" time="0.441" /><testcase classname="tests.test_talknet_api" name="test_auth_me_no_token" time="0.107" /><testcase classname="tests.test_talknet_api" name="test_platform_stats" time="0.108" /><testcase classname="tests.test_talknet_api" name="test_create_customer_A" time="0.346" /><testcase classname="tests.test_talknet_api" name="test_create_customer_duplicate_email" time="0.158" /><testcase classname="tests.test_talknet_api" name="test_create_customer_B" time="0.327" /><testcase classname="tests.test_talknet_api" name="test_list_customers" time="0.106" /><testcase classname="tests.test_talknet_api" name="test_admin_login_a" time="0.322" /><testcase classname="tests.test_talknet_api" name="test_admin_login_b" time="0.330" /><testcase classname="tests.test_talknet_api" name="test_admin_get_room" time="0.185" /><testcase classname="tests.test_talknet_api" name="test_admin_add_member" time="0.439" /><testcase classname="tests.test_talknet_api" name="test_admin_member_isolation" time="0.222" /><testcase classname="tests.test_talknet_api" name="test_platform_owner_forbidden_on_admin_routes" time="0.111" /><testcase classname="tests.test_talknet_api" name="test_room_token_as_admin" time="0.124" /><testcase classname="tests.test_talknet_api" name="test_room_token_as_owner_forbidden" time="0.101" /><testcase classname="tests.test_talknet_api" name="test_member_cap_15" time="4.778" /><testcase classname="tests.test_talknet_api" name="test_suspend_customer_b_and_login_blocked" time="0.534" /><testcase classname="tests.test_talknet_api" name="test_delete_customer_a" time="0.217" /><testcase classname="tests.test_talknet_api" name="test_delete_customer_b_cleanup" time="0.109" /></testsuite></testsuites>