<?xml version="1.0" encoding="utf-8"?><testsuites name="pytest tests"><testsuite name="pytest" errors="0" failures="0" skipped="0" tests="17" time="13.470" timestamp="2026-07-15T06:30:37.465232+00:00" hostname="agent-env-d603000c-6acc-4f05-97b9-e5c648a7e62e"><testcase classname="tests.test_talknet_v3" name="test_owner_login" time="0.571" /><testcase classname="tests.test_talknet_v3" name="test_provision_room_shape" time="0.392" /><testcase classname="tests.test_talknet_v3" name="test_duplicate_admin_email_409" time="0.150" /><testcase classname="tests.test_talknet_v3" name="test_list_rooms" time="0.472" /><testcase classname="tests.test_talknet_v3" name="test_stats_shape" time="0.171" /><testcase classname="tests.test_talknet_v3" name="test_analytics_top_rooms" time="0.123" /><testcase classname="tests.test_talknet_v3" name="test_old_customers_endpoint_gone" time="0.253" /><testcase classname="tests.test_talknet_v3" name="test_admin_get_my_room" time="0.437" /><testcase classname="tests.test_talknet_v3" name="test_admin_add_member" time="0.523" /><testcase classname="tests.test_talknet_v3" name="test_admin_cannot_delete_other_room_member" time="0.840" /><testcase classname="tests.test_talknet_v3" name="test_room_token_admin_own_room" time="0.107" /><testcase classname="tests.test_talknet_v3" name="test_room_token_admin_cross_room_404" time="0.100" /><testcase classname="tests.test_talknet_v3" name="test_user_token_isolation" time="0.583" /><testcase classname="tests.test_talknet_v3" name="test_room_available_admin_and_user" time="0.651" /><testcase classname="tests.test_talknet_v3" name="test_suspend_cascades_and_blocks_token" time="0.749" /><testcase classname="tests.test_talknet_v3" name="test_15_cap" time="6.388" /><testcase classname="tests.test_talknet_v3" name="test_delete_room_cleans_users" time="0.881" /></testsuite></testsuites>